p/2276234.jpg 1 0 0 945 711
p/1622203728497.jpg 1 0 0 995 729
p/1622203728491.jpg 1 0 0 708 482
p/1622203728486.jpg 1 0 0 342 556
p/1622203728482.jpg 1 0 0 679 719
p/1622203728481.jpg 1 0 0 1211 1461
p/1622203803785.jpg 1 0 0 477 506
p/1622203728459.jpg 1 0 0 344 179
p/1622203803766.jpg 1 0 0 3840 2560
p/1622203803763.jpg 1 0 0 656 400
p/1622203803773.jpg 1 0 0 1000 562
p/1622203803799.jpg 1 0 0 800 533
p/1622203803798.jpg 1 0 0 736 480
p/1622203803797.jpeg 1 0 0 445 300
p/1622203803786.jpg 1 0 0 1024 682
p/1622203728484.jpg 1 0 0 480 238
p/1622203728473.jpg 1 0 0 640 388
p/1622203803796.jpg 1 0 0 800 500
p/1622203803788.jpg 1 0 0 390 280
p/1622203803764.jpg 1 0 0 1200 900
p/1622203803784.jpg 1 0 0 696 366
p/1622203803772.jpg 1 0 0 750 500
p/1622203803756.jpg 1 0 0 800 556
p/1622203803759.jpg 1 0 0 668 334
p/1622203728455.jpg 1 0 0 921 480
p/1622203803776.jpg 1 0 0 336 164
p/1622203803801.jpg 1 0 0 574 340
p/1622203728487.jpg 1 0 0 580 436
p/1622203803794.jpg 1 0 0 800 500
p/1622203728489.jpg 1 0 0 864 486
p/1622203728463.jpg 1 0 0 952 540
p/1622203728480.jpg 1 0 0 360 263
p/1622203728494.jpg 1 0 0 642 355
p/1622203728460.jpg 1 0 0 1366 910
p/1622203803782.png 1 0 0 200 134
p/1622203803790.jpg 1 0 0 600 337
p/1622203728458.jpg 1 0 0 400 333
p/1622203803767.jpg 1 0 0 750 422
p/1622203728488.jpg 1 0 0 720 960
p/1622203803780.jpg 1 0 0 810 458
p/1622203728474.jpg 1 0 0 598 362
p/34456567.jpg 1 0 0 715 454
p/1622203728472.jpg 1 0 0 768 1024
p/1622203803765.jpeg 1 0 0 640 428
p/1622203728498.jpg 1 0 0 1127 750
p/1622203803802.jpg 1 0 0 670 335
p/1622203728479.jpg 1 0 0 620 258
p/1622203803792.jpg 1 0 0 640 380
p/1622203728467.jpg 1 0 0 750 1125
p/1622203728456.jpg 1 0 0 990 556
p/1622203803761.jpg 1 0 0 1280 720
p/1622203803762.jpg 1 0 0 700 394
p/1622203728478.jpg 1 0 0 620 410
p/1622203803781.jpg 1 0 0 630 300
p/1622203728496.jpg 1 0 0 650 355
p/1622203803765.jpg 1 0 0 736 414
p/1622203803758.jpg 1 0 0 770 433
p/1622203803787.jpg 1 0 0 146 280
p/1622203728477.jpg 1 0 0 620 360
p/1622203728493.jpg 1 0 0 731 410
p/567567567.jpg 1 0 0 880 495
p/1622203728464.jpg 1 0 0 960 638
p/1622203803771.jpg 1 0 0 639 360
p/1622203728465.jpg 1 0 0 864 486
p/1622203803782.jpg 1 0 0 600 378
p/3534543.jpg 1 0 0 760 450
p/1622203803777.jpg 1 0 0 451 320
p/1622203728454.jpg 1 0 0 990 556
p/1622203803775.jpg 1 0 0 810 458
p/1622203803768.jpg 1 0 0 677 410
p/1622203728469.jpg 1 0 0 879 494
p/1622203803779.jpg 1 0 0 960 539
p/1622203803797.jpg 1 0 0 985 554
p/1622203803783.jpg 1 0 0 1598 499
p/1622203728461.jpg 1 0 0 770 434
p/1622203728495.jpg 1 0 0 800 400
p/1622203728468.jpg 1 0 0 366 488
p/1622203728470.jpg 1 0 0 800 450
p/1622203728471.jpg 1 0 0 1280 720
p/1622203803770.jpg 1 0 0 1000 541
p/1622203803789.jpg 1 0 0 393 280
p/1622203803800.jpg 1 0 0 1000 562
p/1622203803793.jpg 1 0 0 2048 1358
p/1622203803796.png 1 0 0 1024 645
p/1622203728475.jpg 1 0 0 1200 807
p/1622203803755.jpg 1 0 0 840 471
p/1622203803778.jpg 1 0 0 1200 675
p/1622203728466.jpg 1 0 0 1280 720
p/1622203803769.jpg 1 0 0 1200 628
p/1622203728457.jpg 1 0 0 400 260
p/12323535456.jpg 1 0 0 640 360
p/1622203803757.jpg 1 0 0 1000 541
p/1622203728490.jpg 1 0 0 670 371
p/1622203728462.jpg 1 0 0 770 513
p/1622203728476.jpg 1 0 0 1600 900
p/1622203803760.jpg 1 0 0 810 458
p/1622203728492.jpg 1 0 0 727 410
p/1622203728483.jpg 1 0 0 865 487
p/1622203803791.jpg 1 0 0 750 420
p/1622203803774.jpg 1 0 0 840 471